<?xml version="1.0" encoding="utf-8"?><testsuites name="pytest tests"><testsuite name="pytest" errors="0" failures="0" skipped="0" tests="10" time="1.571" timestamp="2026-07-20T22:20:57.772232+00:00" hostname="agent-env-8a24ffe9-6b09-4101-a141-371313a39b86"><testcase classname="backend.tests.test_iter44_admin_wallet_batch_d.TestMultipleBonusGrants" name="test_grant_bonus_first_time" time="0.363" /><testcase classname="backend.tests.test_iter44_admin_wallet_batch_d.TestMultipleBonusGrants" name="test_grant_bonus_second_time_cumulative" time="0.145" /><testcase classname="backend.tests.test_iter44_admin_wallet_batch_d.TestMultipleBonusGrants" name="test_bonus_grants_recorded_in_detail" time="0.137" /><testcase classname="backend.tests.test_iter44_admin_wallet_batch_d.TestMultipleBonusGrants" name="test_bonus_transaction_created_with_spendable_only" time="0.144" /><testcase classname="backend.tests.test_iter44_admin_wallet_batch_d.TestMultipleBonusGrants" name="test_invalid_bonus_amount" time="0.118" /><testcase classname="backend.tests.test_iter44_admin_wallet_batch_d.TestAdminUsersRolesArray" name="test_admin_users_returns_roles_array" time="0.124" /><testcase classname="backend.tests.test_iter44_admin_wallet_batch_d.TestAdminUserDetail" name="test_detail_structure_for_known_user" time="0.105" /><testcase classname="backend.tests.test_iter44_admin_wallet_batch_d.TestAdminUserDetail" name="test_detail_as_client_nonempty_for_disptest" time="0.152" /><testcase classname="backend.tests.test_iter44_admin_wallet_batch_d.TestAdminUserDetail" name="test_detail_404_for_unknown_user" time="0.104" /><testcase classname="backend.tests.test_iter44_admin_wallet_batch_d.TestAdminUserDetail" name="test_detail_requires_admin_token" time="0.116" /></testsuite></testsuites>