<?xml version="1.0" encoding="utf-8"?><testsuites name="pytest tests"><testsuite name="pytest" errors="0" failures="0" skipped="0" tests="17" time="7.899" timestamp="2026-07-19T20:30:49.172360+00:00" hostname="agent-env-8a24ffe9-6b09-4101-a141-371313a39b86"><testcase classname="backend.tests.test_spec4_iter30.TestAdminConfig" name="test_get_config" time="0.162" /><testcase classname="backend.tests.test_spec4_iter30.TestAdminConfig" name="test_update_and_restore" time="0.397" /><testcase classname="backend.tests.test_spec4_iter30.TestAdminConfig" name="test_unauthorized" time="0.092" /><testcase classname="backend.tests.test_spec4_iter30.TestCancelTiersImpresa" name="test_free_tier" time="0.675" /><testcase classname="backend.tests.test_spec4_iter30.TestCancelTiersImpresa" name="test_fee_only_tier" time="0.619" /><testcase classname="backend.tests.test_spec4_iter30.TestCancelTiersImpresa" name="test_late_tier_with_indennizzo_and_strike" time="0.632" /><testcase classname="backend.tests.test_spec4_iter30.TestCancelLF" name="test_late_lf" time="0.650" /><testcase classname="backend.tests.test_spec4_iter30.TestCancelLF" name="test_free_lf" time="0.498" /><testcase classname="backend.tests.test_spec4_iter30.TestProviderCancel" name="test_provider_cancel_full_refund" time="0.523" /><testcase classname="backend.tests.test_spec4_iter30.TestNoShow" name="test_too_early" time="0.510" /><testcase classname="backend.tests.test_spec4_iter30.TestNoShow" name="test_report_after_grace" time="0.557" /><testcase classname="backend.tests.test_spec4_iter30.TestReviews" name="test_create_review" time="0.816" /><testcase classname="backend.tests.test_spec4_iter30.TestReviews" name="test_provider_reviews_hidden_before_approval" time="0.099" /><testcase classname="backend.tests.test_spec4_iter30.TestReviews" name="test_admin_moderation_queue_and_approve" time="0.378" /><testcase classname="backend.tests.test_spec4_iter30.TestReviews" name="test_provider_reply" time="0.213" /><testcase classname="backend.tests.test_spec4_iter30.TestReviews" name="test_client_delete_review" time="0.101" /><testcase classname="backend.tests.test_spec4_iter30.TestRateClient" name="test_rate_client_and_reliability" time="0.818" /></testsuite></testsuites>