<?xml version="1.0" encoding="utf-8"?><testsuites name="pytest tests"><testsuite name="pytest" errors="0" failures="0" skipped="2" tests="26" time="3.707" timestamp="2026-07-19T14:07:24.984153+00:00" hostname="agent-env-8a24ffe9-6b09-4101-a141-371313a39b86"><testcase classname="backend.tests.test_provider_onboarding_iter23.TestPhoneOTP" name="test_send_otp_unverified_returns_clean_400" time="0.558" /><testcase classname="backend.tests.test_provider_onboarding_iter23.TestPhoneOTP" name="test_verify_otp_bad_code_returns_clean_400" time="0.259" /><testcase classname="backend.tests.test_provider_onboarding_iter23.TestProfileAgeGate" name="test_minor_dob_rejected" time="0.132" /><testcase classname="backend.tests.test_provider_onboarding_iter23.TestProfileAgeGate" name="test_adult_persona_lf_ok_role_provider" time="0.138" /><testcase classname="backend.tests.test_provider_onboarding_iter23.TestProfileAgeGate" name="test_impresa_sets_role_business" time="0.135" /><testcase classname="backend.tests.test_provider_onboarding_iter23.TestProfileAgeGate" name="test_invalid_profile_type" time="0.165" /><testcase classname="backend.tests.test_provider_onboarding_iter23.TestLFFlow" name="test_delega_empty_signature_rejected" time="0.100" /><testcase classname="backend.tests.test_provider_onboarding_iter23.TestLFFlow" name="test_delega_sign_ok" time="0.123" /><testcase classname="backend.tests.test_provider_onboarding_iter23.TestLFFlow" name="test_inps_toggle_false_then_true" time="0.196" /><testcase classname="backend.tests.test_provider_onboarding_iter23.TestLFFlow" name="test_put_availability" time="0.134" /><testcase classname="backend.tests.test_provider_onboarding_iter23.TestLFFlow" name="test_config_returns_fee_and_ranges" time="0.095" /><testcase classname="backend.tests.test_provider_onboarding_iter23.TestStateMachine" name="test_submit_before_phone_verify_returns_400" time="0.116" /><testcase classname="backend.tests.test_provider_onboarding_iter23.TestStateMachine" name="test_submit_success_transitions_to_in_verifica" time="0.099" /><testcase classname="backend.tests.test_provider_onboarding_iter23.TestStateMachine" name="test_status_after_submit" time="0.099" /><testcase classname="backend.tests.test_provider_onboarding_iter23.TestStateMachine" name="test_self_suspend_toggle" time="0.200" /><testcase classname="backend.tests.test_provider_onboarding_iter23.TestAdminApproval" name="test_admin_pending_lists_provider" time="0.100" /><testcase classname="backend.tests.test_provider_onboarding_iter23.TestAdminApproval" name="test_approve_persona_lf_without_inps_yields_attivo_inps_pending" time="0.100" /><testcase classname="backend.tests.test_provider_onboarding_iter23.TestAdminApproval" name="test_inps_confirm_transitions_to_attivo" time="0.190" /><testcase classname="backend.tests.test_provider_onboarding_iter23.TestAdminApproval" name="test_other_admin_actions[waitlist-waitlist]" time="0.101" /><testcase classname="backend.tests.test_provider_onboarding_iter23.TestAdminApproval" name="test_other_admin_actions[reject-in_verifica]" time="0.098" /><testcase classname="backend.tests.test_provider_onboarding_iter23.TestAdminApproval" name="test_other_admin_actions[suspend-sospeso]" time="0.098" /><testcase classname="backend.tests.test_provider_onboarding_iter23.TestAdminApproval" name="test_convert_lf_action" time="0.104" /><testcase classname="backend.tests.test_provider_onboarding_iter23.TestAdminApproval" name="test_invalid_action_400" time="0.092" /><testcase classname="backend.tests.test_provider_onboarding_iter23.TestMatchingGate" name="test_lf_inps_false_excludes_provider" time="0.001"><skipped type="pytest.skip" message="no seeded persona_lf provider with pulizie listino">/app/backend/tests/test_provider_onboarding_iter23.py:327: no seeded persona_lf provider with pulizie listino</skipped></testcase><testcase classname="backend.tests.test_provider_onboarding_iter23.TestMatchingGate" name="test_pending_lf_excluded" time="0.001"><skipped type="pytest.skip" message="no seeded persona_lf provider">/app/backend/tests/test_provider_onboarding_iter23.py:346: no seeded persona_lf provider</skipped></testcase><testcase classname="backend.tests.test_provider_onboarding_iter23.TestMatchingGate" name="test_impresa_bots_still_matchable" time="0.101" /></testsuite></testsuites>