<?xml version="1.0" encoding="utf-8"?><testsuites name="pytest tests"><testsuite name="pytest" errors="0" failures="0" skipped="0" tests="9" time="2.106" timestamp="2026-07-19T19:59:52.198501+00:00" hostname="agent-env-8a24ffe9-6b09-4101-a141-371313a39b86"><testcase classname="backend.tests.test_spec5_navigation.TestSupportWhatsapp" name="test_get_default_whatsapp" time="0.254" /><testcase classname="backend.tests.test_spec5_navigation.TestSupportWhatsapp" name="test_admin_set_and_reset_whatsapp" time="0.431" /><testcase classname="backend.tests.test_spec5_navigation.TestSupportWhatsapp" name="test_admin_set_requires_admin_token" time="0.133" /><testcase classname="backend.tests.test_spec5_navigation.TestHomeState" name="test_home_state_recurring_client" time="0.104" /><testcase classname="backend.tests.test_spec5_navigation.TestHomeState" name="test_home_state_unauth" time="0.100" /><testcase classname="backend.tests.test_spec5_navigation.TestWalletDashboard" name="test_wallet_dashboard_shape" time="0.103" /><testcase classname="backend.tests.test_spec5_navigation.TestWalletDashboard" name="test_external_usage_increments_totals" time="0.317" /><testcase classname="backend.tests.test_spec5_navigation.TestProviderDashboard" name="test_provider_dashboard_shape" time="0.104" /><testcase classname="backend.tests.test_spec5_navigation.TestProviderDashboard" name="test_provider_dnd_toggle" time="0.484" /></testsuite></testsuites>