<?xml version="1.0" encoding="utf-8"?><testsuites name="pytest tests"><testsuite name="pytest" errors="0" failures="0" skipped="0" tests="5" time="1.167" timestamp="2026-07-19T19:31:36.037881+00:00" hostname="agent-env-8a24ffe9-6b09-4101-a141-371313a39b86"><testcase classname="backend.tests.test_pulizie_iter28_fee_split.TestConfigFeePct" name="test_config_exposes_fee_pct" time="0.284" /><testcase classname="backend.tests.test_pulizie_iter28_fee_split.TestImpresaBreakdownFiftyFifty" name="test_incoming_breakdown_half_fee" time="0.151" /><testcase classname="backend.tests.test_pulizie_iter28_fee_split.TestPersonaLfBreakdownFullFeeClient" name="test_incoming_lf_full_fee_on_client" time="0.187" /><testcase classname="backend.tests.test_pulizie_iter28_fee_split.TestImpresaConfirmPersistsFeeSplit" name="test_full_flow_impresa_persistence" time="0.244" /><testcase classname="backend.tests.test_pulizie_iter28_fee_split.TestPersonaLfConfirmUnaffected" name="test_lf_full_flow_still_works" time="0.252" /></testsuite></testsuites>