<?xml version="1.0" encoding="utf-8"?><testsuites name="pytest tests"><testsuite name="pytest" errors="0" failures="0" skipped="0" tests="14" time="10.587" timestamp="2026-07-19T12:10:35.543048+00:00" hostname="agent-env-8a24ffe9-6b09-4101-a141-371313a39b86"><testcase classname="backend.tests.test_notifications_stripe_iter21.TestNotifications" name="test_provider_list_has_dispute_opened" time="6.643" /><testcase classname="backend.tests.test_notifications_stripe_iter21.TestNotifications" name="test_provider_unread_count_positive" time="0.092" /><testcase classname="backend.tests.test_notifications_stripe_iter21.TestNotifications" name="test_mark_one_read_decreases_unread" time="0.327" /><testcase classname="backend.tests.test_notifications_stripe_iter21.TestNotifications" name="test_dispute_message_creates_notification" time="0.875" /><testcase classname="backend.tests.test_notifications_stripe_iter21.TestNotifications" name="test_read_all_zeros_unread" time="0.461" /><testcase classname="backend.tests.test_notifications_stripe_iter21.TestNotifications" name="test_admin_resolve_notifies_both_parties" time="0.993" /><testcase classname="backend.tests.test_notifications_stripe_iter21.TestStripeConnect" name="test_status_provider_ok" time="0.094" /><testcase classname="backend.tests.test_notifications_stripe_iter21.TestStripeConnect" name="test_onboarding_link_client_forbidden" time="0.098" /><testcase classname="backend.tests.test_notifications_stripe_iter21.TestStripeConnect" name="test_onboarding_link_provider_clean_error" time="0.464" /><testcase classname="backend.tests.test_notifications_stripe_iter21.TestStripeConnect" name="test_onboarding_link_backend_clean_json" time="0.096" /><testcase classname="backend.tests.test_notifications_stripe_iter21.TestStripeConnect" name="test_withdraw_stripe_clean_400_when_not_onboarded" time="0.094" /><testcase classname="backend.tests.test_notifications_stripe_iter21.TestStripeConnect" name="test_withdraw_stripe_client_forbidden" time="0.090" /><testcase classname="backend.tests.test_notifications_stripe_iter21.TestDemoReadOnly" name="test_demo_post_blocked" time="0.098" /><testcase classname="backend.tests.test_notifications_stripe_iter21.TestDemoReadOnly" name="test_demo_get_notifications_allowed" time="0.092" /></testsuite></testsuites>