<?xml version="1.0" encoding="utf-8"?><testsuites name="pytest tests"><testsuite name="pytest" errors="0" failures="0" skipped="0" tests="26" time="3.833" timestamp="2026-07-19T17:59:22.189492+00:00" hostname="agent-env-8a24ffe9-6b09-4101-a141-371313a39b86"><testcase classname="backend.tests.test_driver_iter25.TestConfig" name="test_config" time="0.154" /><testcase classname="backend.tests.test_driver_iter25.TestConfig" name="test_geocode" time="0.200" /><testcase classname="backend.tests.test_driver_iter25.TestConfig" name="test_estimate_ncc" time="0.095" /><testcase classname="backend.tests.test_driver_iter25.TestConfig" name="test_estimate_taxi" time="0.131" /><testcase classname="backend.tests.test_driver_iter25.TestNCC" name="test_01_create_richiesta" time="0.100" /><testcase classname="backend.tests.test_driver_iter25.TestNCC" name="test_02_admin_invite" time="0.200" /><testcase classname="backend.tests.test_driver_iter25.TestNCC" name="test_03_provider_incoming_shows_suggested_price" time="0.107" /><testcase classname="backend.tests.test_driver_iter25.TestNCC" name="test_04_propose_upward_without_motivo_400" time="0.198" /><testcase classname="backend.tests.test_driver_iter25.TestNCC" name="test_05_propose_with_motivo" time="0.191" /><testcase classname="backend.tests.test_driver_iter25.TestNCC" name="test_06_client_confirm_prepaid_fee" time="0.147" /><testcase classname="backend.tests.test_driver_iter25.TestNCC" name="test_07_provider_depart" time="0.235" /><testcase classname="backend.tests.test_driver_iter25.TestNCC" name="test_08_provider_add_extra_and_client_approve" time="0.207" /><testcase classname="backend.tests.test_driver_iter25.TestNCC" name="test_09_complete_and_totale" time="0.091" /><testcase classname="backend.tests.test_driver_iter25.TestNCC" name="test_10_client_review" time="0.106" /><testcase classname="backend.tests.test_driver_iter25.TestTaxi" name="test_01_create" time="0.098" /><testcase classname="backend.tests.test_driver_iter25.TestTaxi" name="test_02_admin_invite_taxi" time="0.102" /><testcase classname="backend.tests.test_driver_iter25.TestTaxi" name="test_03_propose_accept" time="0.099" /><testcase classname="backend.tests.test_driver_iter25.TestTaxi" name="test_04_client_confirm_meter_pending" time="0.099" /><testcase classname="backend.tests.test_driver_iter25.TestTaxi" name="test_05_depart" time="0.097" /><testcase classname="backend.tests.test_driver_iter25.TestTaxi" name="test_06_complete_no_meter_400" time="0.103" /><testcase classname="backend.tests.test_driver_iter25.TestTaxi" name="test_07_complete_with_meter" time="0.225" /><testcase classname="backend.tests.test_driver_iter25.TestTaxi" name="test_08_client_pay_settle" time="0.096" /><testcase classname="backend.tests.test_driver_iter25.TestCancellation" name="test_gt_4h_full_refund" time="0.200" /><testcase classname="backend.tests.test_driver_iter25.TestCancellation" name="test_lt_4h_half" time="0.190" /><testcase classname="backend.tests.test_driver_iter25.TestCancellation" name="test_lt_30min" time="0.200" /><testcase classname="backend.tests.test_driver_iter25.TestAdminAuth" name="test_admin_verify_authorization" time="0.102" /></testsuite></testsuites>