<?xml version="1.0" encoding="utf-8"?><testsuites name="pytest tests"><testsuite name="pytest" errors="0" failures="0" skipped="1" tests="18" time="1.688" timestamp="2026-07-19T00:38:57.109052+00:00" hostname="agent-env-8a24ffe9-6b09-4101-a141-371313a39b86"><testcase classname="backend.tests.test_phase_c_payments_services" name="test_payment_options_it" time="0.321" /><testcase classname="backend.tests.test_phase_c_payments_services" name="test_payment_options_default_falls_back_to_it" time="0.046" /><testcase classname="backend.tests.test_phase_c_payments_services" name="test_beneficiary_create_invalid_type" time="0.050" /><testcase classname="backend.tests.test_phase_c_payments_services" name="test_beneficiary_create_missing_iban" time="0.049" /><testcase classname="backend.tests.test_phase_c_payments_services" name="test_beneficiary_create_abroad_ok" time="0.054" /><testcase classname="backend.tests.test_phase_c_payments_services" name="test_beneficiary_list_abroad" time="0.048" /><testcase classname="backend.tests.test_phase_c_payments_services" name="test_beneficiary_delete" time="0.150" /><testcase classname="backend.tests.test_phase_c_payments_services" name="test_topup_missing_operator" time="0.050" /><testcase classname="backend.tests.test_phase_c_payments_services" name="test_topup_invalid_amount" time="0.048" /><testcase classname="backend.tests.test_phase_c_payments_services" name="test_topup_success_and_balance_decrease" time="0.097" /><testcase classname="backend.tests.test_phase_c_payments_services" name="test_bill_missing_biller" time="0.054" /><testcase classname="backend.tests.test_phase_c_payments_services" name="test_bill_success" time="0.049" /><testcase classname="backend.tests.test_phase_c_payments_services" name="test_abroad_missing_beneficiary" time="0.049" /><testcase classname="backend.tests.test_phase_c_payments_services" name="test_abroad_success" time="0.095" /><testcase classname="backend.tests.test_phase_c_payments_services" name="test_wallet_insufficient_funds" time="0.045" /><testcase classname="backend.tests.test_phase_c_payments_services" name="test_card_no_card" time="0.045"><skipped type="pytest.skip" message="account has payment_method; cannot assert no_card">/app/backend/tests/test_phase_c_payments_services.py:202: account has payment_method; cannot assert no_card</skipped></testcase><testcase classname="backend.tests.test_phase_c_payments_services" name="test_history_all_lists_service_txs" time="0.047" /><testcase classname="backend.tests.test_phase_c_payments_services" name="test_history_filter_topup" time="0.312" /></testsuite></testsuites>