<?xml version="1.0" encoding="utf-8"?><testsuites name="pytest tests"><testsuite name="pytest" errors="0" failures="0" skipped="0" tests="8" time="7.978" timestamp="2026-07-18T22:45:37.606819+00:00" hostname="agent-env-8a24ffe9-6b09-4101-a141-371313a39b86"><testcase classname="backend.tests.test_stripe_booking_payments.TestPayBookingSessionCreation" name="test_pay_returns_real_stripe_url_and_session" time="4.097" /><testcase classname="backend.tests.test_stripe_booking_payments.TestPayBookingSessionCreation" name="test_pay_amount_uses_db_total" time="0.789" /><testcase classname="backend.tests.test_stripe_booking_payments.TestPayBookingGuards" name="test_pay_unknown_booking_returns_404" time="0.049" /><testcase classname="backend.tests.test_stripe_booking_payments.TestPayBookingGuards" name="test_pay_non_owner_returns_403" time="0.042" /><testcase classname="backend.tests.test_stripe_booking_payments.TestPaymentStatusUnpaid" name="test_unpaid_status_reports_not_paid" time="0.780" /><testcase classname="backend.tests.test_stripe_booking_payments.TestPaymentStatusUnpaid" name="test_status_idempotent_no_double_apply_when_unpaid" time="1.336" /><testcase classname="backend.tests.test_stripe_booking_payments.TestAlreadyPaidBranch" name="test_pay_returns_already_paid_flag_shape" time="0.398" /><testcase classname="backend.tests.test_stripe_booking_payments.TestExistingBookingUnpaid" name="test_existing_booking_pay_or_already_paid" time="0.426" /></testsuite></testsuites>