<?xml version="1.0" encoding="utf-8"?><testsuites name="pytest tests"><testsuite name="pytest" errors="0" failures="0" skipped="0" tests="11" time="1.838" timestamp="2026-07-18T19:03:27.668516+00:00" hostname="agent-env-8a24ffe9-6b09-4101-a141-371313a39b86"><testcase classname="backend.tests.test_iter9_wallet_profile" name="test_auth_me_business" time="0.266" /><testcase classname="backend.tests.test_iter9_wallet_profile" name="test_auth_me_client" time="0.126" /><testcase classname="backend.tests.test_iter9_wallet_profile.TestCryptoWallet" name="test_add_crypto_wallet_success" time="0.094" /><testcase classname="backend.tests.test_iter9_wallet_profile.TestCryptoWallet" name="test_add_crypto_wallet_invalid_token" time="0.097" /><testcase classname="backend.tests.test_iter9_wallet_profile.TestCryptoWallet" name="test_add_crypto_wallet_empty_address" time="0.106" /><testcase classname="backend.tests.test_iter9_wallet_profile.TestCryptoWallet" name="test_get_wallet_returns_crypto_wallets" time="0.096" /><testcase classname="backend.tests.test_iter9_wallet_profile.TestCryptoWallet" name="test_delete_crypto_wallet" time="0.220" /><testcase classname="backend.tests.test_iter9_wallet_profile" name="test_payment_method_cvv_not_persisted" time="0.220" /><testcase classname="backend.tests.test_iter9_wallet_profile" name="test_profile_update_contact_and_prefs" time="0.243" /><testcase classname="backend.tests.test_iter9_wallet_profile" name="test_profile_update_availability_and_price_list" time="0.219" /><testcase classname="backend.tests.test_iter9_wallet_profile" name="test_invalid_token_401" time="0.086" /></testsuite></testsuites>