<?xml version="1.0" encoding="utf-8"?><testsuites name="pytest tests"><testsuite name="pytest" errors="0" failures="1" skipped="0" tests="8" time="75.650" timestamp="2026-07-21T00:40:48.908378+00:00" hostname="agent-env-8a24ffe9-6b09-4101-a141-371313a39b86"><testcase classname="backend.tests.test_wallet_escrow_e2e.TestPulizieEscrowQrOff" name="test_confirm_blocks_and_complete_releases" time="0.848" /><testcase classname="backend.tests.test_wallet_escrow_e2e.TestPulizieEscrowQrOn" name="test_complete_arms_delivery_confirmation" time="1.336" /><testcase classname="backend.tests.test_wallet_escrow_e2e.TestInsufficientFunds" name="test_confirm_fails_when_wallet_empty" time="0.705" /><testcase classname="backend.tests.test_wallet_escrow_e2e.TestCancelRefund" name="test_cancel_refunds_held_funds" time="0.782" /><testcase classname="backend.tests.test_wallet_escrow_e2e.TestDriverNccEscrow" name="test_direct_driver_confirm_and_complete" time="0.427"><failure message="AssertionError: escrow not held (auto_confirmed=True). BUG: driver auto-confirm path (direct target + listino accept) does not call we.hold — see routers/driver.py lines 464-476. Doc escrow=None&#10;assert None == 'held'&#10; +  where None = &lt;built-in method get of dict object at 0xf8a9e2f2d100&gt;('stato')&#10; +    where &lt;built-in method get of dict object at 0xf8a9e2f2d100&gt; = {}.get&#10; +      where {} = &lt;built-in method get of dict object at 0xf8a9e2f294c0&gt;('escrow', {})&#10; +        where &lt;built-in method get of dict object at 0xf8a9e2f294c0&gt; = {'richiesta_id': 'drv_f2c9df4c82fd', 'cliente_id': 'user_disptest01', 'cliente_nome': 'Test Cliente Dispute', 'categoria': 'MOBILITA', ...}.get">E   AssertionError: escrow not held (auto_confirmed=True). BUG: driver auto-confirm path (direct target + listino accept) does not call we.hold — see routers/driver.py lines 464-476. Doc escrow=None
    assert None == 'held'
     +  where None = &lt;built-in method get of dict object at 0xf8a9e2f2d100&gt;('stato')
     +    where &lt;built-in method get of dict object at 0xf8a9e2f2d100&gt; = {}.get
     +      where {} = &lt;built-in method get of dict object at 0xf8a9e2f294c0&gt;('escrow', {})
     +        where &lt;built-in method get of dict object at 0xf8a9e2f294c0&gt; = {'richiesta_id': 'drv_f2c9df4c82fd', 'cliente_id': 'user_disptest01', 'cliente_nome': 'Test Cliente Dispute', 'categoria': 'MOBILITA', ...}.get</failure></testcase><testcase classname="backend.tests.test_wallet_escrow_e2e.TestListinoBusinessOrder" name="test_order_qr_off_immediate_release" time="0.818" /><testcase classname="backend.tests.test_wallet_escrow_e2e.TestListinoBusinessOrder" name="test_order_qr_on_arm_then_release" time="1.080" /><testcase classname="backend.tests.test_wallet_escrow_e2e.TestAutoRelease" name="test_expired_arming_auto_releases" time="69.522" /></testsuite></testsuites>