<?xml version="1.0" encoding="utf-8"?><testsuites name="pytest tests"><testsuite name="pytest" errors="0" failures="1" skipped="0" tests="14" time="1.968" timestamp="2026-07-20T21:52:26.585249+00:00" hostname="agent-env-8a24ffe9-6b09-4101-a141-371313a39b86"><testcase classname="backend.tests.test_iter42_category_isolation.TestPulizieOnlyReturnsPulizie" name="test_pulizie_richieste_isolated" time="0.602" /><testcase classname="backend.tests.test_iter42_category_isolation.TestPulizieOnlyReturnsPulizie" name="test_pulizie_count_lower_than_total" time="0.215" /><testcase classname="backend.tests.test_iter42_category_isolation.TestOtherCategoriesIsolated" name="test_driver_only" time="0.055" /><testcase classname="backend.tests.test_iter42_category_isolation.TestOtherCategoriesIsolated" name="test_babysitting_only" time="0.052" /><testcase classname="backend.tests.test_iter42_category_isolation.TestOtherCategoriesIsolated" name="test_artigiani_only" time="0.051" /><testcase classname="backend.tests.test_iter42_category_isolation.TestCancelDoesNotCrossCategory" name="test_cancel_driver_only_touches_driver" time="0.111"><failure message="AssertionError: Internal Server Error&#10;assert 500 in (200, 400)&#10; +  where 500 = &lt;Response [500]&gt;.status_code">backend/tests/test_iter42_category_isolation.py:130: in test_cancel_driver_only_touches_driver
    assert r.status_code in (200, 400), r.text
E   AssertionError: Internal Server Error
E   assert 500 in (200, 400)
E    +  where 500 = &lt;Response [500]&gt;.status_code</failure></testcase><testcase classname="backend.tests.test_iter42_category_isolation.TestProviderJobs" name="test_provider_jobs_shape" time="0.151" /><testcase classname="backend.tests.test_iter42_category_isolation.TestIncomingIsolation" name="test_pulizie_incoming_only_pulizie" time="0.051" /><testcase classname="backend.tests.test_iter42_category_isolation.TestIncomingIsolation" name="test_driver_incoming_only_driver" time="0.058" /><testcase classname="backend.tests.test_iter42_category_isolation.TestIncomingIsolation" name="test_babysitting_incoming_only_bs" time="0.050" /><testcase classname="backend.tests.test_iter42_category_isolation.TestIncomingIsolation" name="test_artigiani_incoming_only_art" time="0.054" /><testcase classname="backend.tests.test_iter42_category_isolation.TestGeocodeSearch" name="test_returns_multiple_short_labels" time="0.216" /><testcase classname="backend.tests.test_iter42_category_isolation.TestRegressionsStillWork" name="test_admin_disputes_reachable" time="0.159" /><testcase classname="backend.tests.test_iter42_category_isolation.TestRegressionsStillWork" name="test_wallet_checkout_path_exists" time="0.055" /></testsuite></testsuites>