<?xml version="1.0" encoding="utf-8"?><testsuites name="pytest tests"><testsuite name="pytest" errors="0" failures="0" skipped="0" tests="8" time="3.178" timestamp="2026-07-20T22:08:21.578288+00:00" hostname="agent-env-8a24ffe9-6b09-4101-a141-371313a39b86"><testcase classname="backend.tests.test_iter43_notifications.TestNotificationsEndpoints" name="test_list_notifications_shape" time="0.336" /><testcase classname="backend.tests.test_iter43_notifications.TestNotificationsEndpoints" name="test_unread_count_shape" time="0.101" /><testcase classname="backend.tests.test_iter43_notifications.TestNotificationsEndpoints" name="test_unread_count_matches_list_unread" time="0.205" /><testcase classname="backend.tests.test_iter43_notifications.TestChatNotification" name="test_client_sends_message_provider_gets_chat_notification" time="0.594" /><testcase classname="backend.tests.test_iter43_notifications.TestNotifRead" name="test_mark_single_read_decrements_unread" time="0.711" /><testcase classname="backend.tests.test_iter43_notifications.TestNotifRead" name="test_read_all_clears_unread" time="0.439" /><testcase classname="backend.tests.test_iter43_notifications.TestNotificationsPerUser" name="test_notifications_isolated_per_user" time="0.479" /><testcase classname="backend.tests.test_iter43_notifications.TestNotificationsPerUser" name="test_all_notifications_belong_to_authenticated_user" time="0.251" /></testsuite></testsuites>