<?xml version="1.0" encoding="utf-8"?><testsuites name="pytest tests"><testsuite name="pytest" errors="0" failures="0" skipped="0" tests="15" time="2.676" timestamp="2026-07-19T13:23:30.080770+00:00" hostname="agent-env-8a24ffe9-6b09-4101-a141-371313a39b86"><testcase classname="backend.tests.test_pulizie_iter22.TestConfigAndEstimate" name="test_get_pulizie_config" time="0.200" /><testcase classname="backend.tests.test_pulizie_iter22.TestConfigAndEstimate" name="test_estimate_impresa_una_tantum" time="0.045" /><testcase classname="backend.tests.test_pulizie_iter22.TestConfigAndEstimate" name="test_estimate_ricorrenza_discount" time="0.090" /><testcase classname="backend.tests.test_pulizie_iter22.TestImpresaLifecycle" name="test_full_flow" time="0.661" /><testcase classname="backend.tests.test_pulizie_iter22.TestProposeVariations" name="test_variation_valid" time="0.135" /><testcase classname="backend.tests.test_pulizie_iter22.TestProposeVariations" name="test_variation_invalid_reason" time="0.173" /><testcase classname="backend.tests.test_pulizie_iter22.TestProposeVariations" name="test_decline" time="0.174" /><testcase classname="backend.tests.test_pulizie_iter22.TestProposeVariations" name="test_propose_without_invite_403" time="0.162" /><testcase classname="backend.tests.test_pulizie_iter22.TestPersonaLF" name="test_lf_flow_with_borsellino" time="0.449" /><testcase classname="backend.tests.test_pulizie_iter22.TestListino" name="test_get_listino" time="0.093" /><testcase classname="backend.tests.test_pulizie_iter22.TestListino" name="test_put_listino_persists" time="0.172" /><testcase classname="backend.tests.test_pulizie_iter22.TestListino" name="test_client_cannot_put_listino" time="0.087" /><testcase classname="backend.tests.test_pulizie_iter22.TestRegression" name="test_admin_ui_html_has_pulizie_tab" time="0.049" /><testcase classname="backend.tests.test_pulizie_iter22.TestRegression" name="test_notifications_still_work" time="0.045" /><testcase classname="backend.tests.test_pulizie_iter22.TestRegression" name="test_wallet_still_works" time="0.087" /></testsuite></testsuites>