<?xml version="1.0" encoding="utf-8"?><testsuites name="pytest tests"><testsuite name="pytest" errors="0" failures="0" skipped="0" tests="12" time="2.696" timestamp="2026-07-19T00:52:37.218210+00:00" hostname="agent-env-8a24ffe9-6b09-4101-a141-371313a39b86"><testcase classname="backend.tests.test_paypal_integration.TestSanity" name="test_categories_still_200" time="0.149" /><testcase classname="backend.tests.test_paypal_integration.TestSanity" name="test_bookings_still_200" time="0.097" /><testcase classname="backend.tests.test_paypal_integration.TestPaypalEmail" name="test_set_valid_paypal_email" time="0.203" /><testcase classname="backend.tests.test_paypal_integration.TestPaypalEmail" name="test_invalid_paypal_email_returns_400" time="0.097" /><testcase classname="backend.tests.test_paypal_integration.TestPaypalEmail" name="test_unauth_returns_401" time="0.095" /><testcase classname="backend.tests.test_paypal_integration.TestPaypalCreateOrder" name="test_unknown_booking_404" time="0.095" /><testcase classname="backend.tests.test_paypal_integration.TestPaypalCreateOrder" name="test_forbidden_when_not_customer" time="0.200" /><testcase classname="backend.tests.test_paypal_integration.TestPaypalCreateOrder" name="test_create_order_success" time="0.894" /><testcase classname="backend.tests.test_paypal_integration.TestPaypalPayout" name="test_payout_forbidden_for_non_provider" time="0.315" /><testcase classname="backend.tests.test_paypal_integration.TestPaypalPayout" name="test_payout_forbidden_for_unrelated_user" time="0.099" /><testcase classname="backend.tests.test_paypal_integration.TestPaypalPayout" name="test_payout_unknown_booking_404" time="0.114" /><testcase classname="backend.tests.test_paypal_integration.TestPaypalPayout" name="test_payout_not_paid_when_called_by_actual_provider" time="0.273" /></testsuite></testsuites>