<?xml version="1.0" encoding="utf-8"?><testsuites name="pytest tests"><testsuite name="pytest" errors="0" failures="0" skipped="1" tests="26" time="3.949" timestamp="2026-07-19T18:26:41.988520+00:00" hostname="agent-env-8a24ffe9-6b09-4101-a141-371313a39b86"><testcase classname="backend.tests.test_artigiani_iter26.TestConfigAndListino" name="test_config_shape" time="0.272" /><testcase classname="backend.tests.test_artigiani_iter26.TestConfigAndListino" name="test_put_and_get_listino" time="0.277" /><testcase classname="backend.tests.test_artigiani_iter26.TestConfigAndListino" name="test_client_cannot_put_listino" time="0.094" /><testcase classname="backend.tests.test_artigiani_iter26.TestConfigAndListino" name="test_estimate_paniere" time="0.129" /><testcase classname="backend.tests.test_artigiani_iter26.TestConfigAndListino" name="test_estimate_diagnosi" time="0.096" /><testcase classname="backend.tests.test_artigiani_iter26.TestConfigAndListino" name="test_route_check_hints_impianto" time="0.129" /><testcase classname="backend.tests.test_artigiani_iter26.TestPaniereFlow" name="test_01_create_paniere_request" time="0.110" /><testcase classname="backend.tests.test_artigiani_iter26.TestPaniereFlow" name="test_02_admin_lists_with_compatible" time="0.099" /><testcase classname="backend.tests.test_artigiani_iter26.TestPaniereFlow" name="test_03_admin_invite_provider" time="0.107" /><testcase classname="backend.tests.test_artigiani_iter26.TestPaniereFlow" name="test_04_provider_incoming_shows_price" time="0.105" /><testcase classname="backend.tests.test_artigiani_iter26.TestPaniereFlow" name="test_05_provider_accepts" time="0.106" /><testcase classname="backend.tests.test_artigiani_iter26.TestPaniereFlow" name="test_06_client_confirms_paniere" time="0.105" /><testcase classname="backend.tests.test_artigiani_iter26.TestPaniereFlow" name="test_07_get_request_owner_sees_address" time="0.094" /><testcase classname="backend.tests.test_artigiani_iter26.TestPaniereFlow" name="test_08_forbidden_for_random_user" time="0.000"><skipped type="pytest.skip" message="no third test user available">/app/backend/tests/test_artigiani_iter26.py:152: no third test user available</skipped></testcase><testcase classname="backend.tests.test_artigiani_iter26.TestDiagnosiFlow" name="test_01_create_diagnosi" time="0.099" /><testcase classname="backend.tests.test_artigiani_iter26.TestDiagnosiFlow" name="test_02_invite_propose_confirm" time="0.383" /><testcase classname="backend.tests.test_artigiani_iter26.TestDiagnosiFlow" name="test_03_compose_preventivo_with_voci" time="0.098" /><testcase classname="backend.tests.test_artigiani_iter26.TestDiagnosiFlow" name="test_04_client_accepts_preventivo" time="0.103" /><testcase classname="backend.tests.test_artigiani_iter26.TestDiagnosiFlow" name="test_05_provider_adds_extra_client_approves" time="0.197" /><testcase classname="backend.tests.test_artigiani_iter26.TestDiagnosiFlow" name="test_06_provider_completes" time="0.109" /><testcase classname="backend.tests.test_artigiani_iter26.TestDiagnosiFlow" name="test_07_client_reviews" time="0.097" /><testcase classname="backend.tests.test_artigiani_iter26.TestRisoltoDiagnosi" name="test_01_full" time="0.606" /><testcase classname="backend.tests.test_artigiani_iter26.TestAdminAbilitazione" name="test_toggle" time="0.110" /><testcase classname="backend.tests.test_artigiani_iter26.TestValidation" name="test_invalid_mestiere" time="0.143" /><testcase classname="backend.tests.test_artigiani_iter26.TestValidation" name="test_invalid_modalita" time="0.094" /><testcase classname="backend.tests.test_artigiani_iter26.TestValidation" name="test_persona_lf_on_impianto_rejected" time="0.096" /></testsuite></testsuites>