<?xml version="1.0" encoding="utf-8"?><testsuites name="pytest tests"><testsuite name="pytest" errors="0" failures="0" skipped="0" tests="6" time="5.542" timestamp="2026-07-21T01:03:04.802305+00:00" hostname="agent-env-8a24ffe9-6b09-4101-a141-371313a39b86"><testcase classname="backend.tests.test_auto_invite_iter47.TestAutoInvitePulizie" name="test_create_publish_auto_invites_and_provider_sees_it" time="0.608" /><testcase classname="backend.tests.test_auto_invite_iter47.TestAutoInviteBabysitting" name="test_create_publish_auto_invites_and_babysitter_sees_it" time="0.213" /><testcase classname="backend.tests.test_auto_invite_iter47.TestAutoInviteArtigiani" name="test_create_publish_auto_invites" time="0.227" /><testcase classname="backend.tests.test_auto_invite_iter47.TestEscrowRegression" name="test_qr_off_confirm_blocks_and_complete_releases" time="0.694" /><testcase classname="backend.tests.test_auto_invite_iter47.TestEscrowRegression" name="test_qr_on_arms_then_confirm_code_releases" time="1.230" /><testcase classname="backend.tests.test_auto_invite_iter47.TestDriverEscrow" name="test_direct_driver_auto_confirm_holds_and_release" time="2.429" /></testsuite></testsuites>