<?xml version="1.0" encoding="utf-8"?><testsuites name="pytest tests"><testsuite name="pytest" errors="0" failures="0" skipped="0" tests="14" time="6.566" timestamp="2026-07-18T17:54:09.688951+00:00" hostname="agent-env-8a24ffe9-6b09-4101-a141-371313a39b86"><testcase classname="backend.tests.test_iter7_proximity_flow.TestBusinessesList" name="test_requires_auth" time="0.271" /><testcase classname="backend.tests.test_iter7_proximity_flow.TestBusinessesList" name="test_lavanderia_returns_real_business_only" time="0.222" /><testcase classname="backend.tests.test_iter7_proximity_flow.TestBusinessesList" name="test_category_with_no_real_business_returns_empty" time="0.124" /><testcase classname="backend.tests.test_iter7_proximity_flow.TestBusinessRequestFlow" name="test_client_sees_own_request" time="0.287" /><testcase classname="backend.tests.test_iter7_proximity_flow.TestBusinessRequestFlow" name="test_business_sees_incoming_request" time="0.126" /><testcase classname="backend.tests.test_iter7_proximity_flow.TestBusinessRequestFlow" name="test_client_incoming_is_empty_role_guard" time="0.099" /><testcase classname="backend.tests.test_iter7_proximity_flow.TestBusinessRequestFlow" name="test_get_by_id_client_and_business_ok" time="0.208" /><testcase classname="backend.tests.test_iter7_proximity_flow.TestBusinessRequestFlow" name="test_third_party_forbidden" time="0.097" /><testcase classname="backend.tests.test_iter7_proximity_flow.TestBusinessRequestFlow" name="test_client_cannot_respond" time="0.107" /><testcase classname="backend.tests.test_iter7_proximity_flow.TestBusinessRequestFlow" name="test_business_confirms_and_opens_chat" time="1.023" /><testcase classname="backend.tests.test_iter7_proximity_flow.TestBusinessRequestFlow" name="test_already_handled_returns_400" time="0.091" /><testcase classname="backend.tests.test_iter7_proximity_flow.TestBusinessRequestFlow" name="test_decline_flow" time="0.311" /><testcase classname="backend.tests.test_iter7_proximity_flow.TestBusinessRequestFlow" name="test_business_not_found" time="0.112" /><testcase classname="backend.tests.test_iter7_proximity_flow.TestProviderBroadcast" name="test_create_mission_matches_bots" time="3.413" /></testsuite></testsuites>