<?xml version="1.0" encoding="utf-8"?><testsuites name="pytest tests"><testsuite name="pytest" errors="0" failures="0" skipped="0" tests="9" time="2.666" timestamp="2026-07-19T19:08:58.170420+00:00" hostname="agent-env-8a24ffe9-6b09-4101-a141-371313a39b86"><testcase classname="backend.tests.test_artigiani_iter27_enhancements.TestConfigNewFields" name="test_config_exposes_parametri_fasce_and_chiamata_default" time="0.225" /><testcase classname="backend.tests.test_artigiani_iter27_enhancements.TestListinoNewFields" name="test_get_listino_returns_new_chiamata_fields" time="0.112" /><testcase classname="backend.tests.test_artigiani_iter27_enhancements.TestVariableChiamataFee" name="test_estimate_near_vs_far" time="0.210" /><testcase classname="backend.tests.test_artigiani_iter27_enhancements.TestVariableChiamataFee" name="test_estimate_urgenza_applies" time="0.100" /><testcase classname="backend.tests.test_artigiani_iter27_enhancements.TestVariableChiamataFee" name="test_provider_incoming_my_price_matches" time="0.289" /><testcase classname="backend.tests.test_artigiani_iter27_enhancements.TestStructuredParameters" name="test_richiesta_stores_config_extras" time="0.219" /><testcase classname="backend.tests.test_artigiani_iter27_enhancements.TestScomputoToggle" name="test_scomputo_true_deducts_call_fee" time="0.495" /><testcase classname="backend.tests.test_artigiani_iter27_enhancements.TestScomputoToggle" name="test_scomputo_false_keeps_full_total" time="0.543" /><testcase classname="backend.tests.test_artigiani_iter27_enhancements.TestPaniereRegression" name="test_full_paniere_flow" time="0.406" /></testsuite></testsuites>