<?xml version="1.0" encoding="utf-8"?><testsuites name="pytest tests"><testsuite name="pytest" errors="0" failures="0" skipped="0" tests="12" time="2.105" timestamp="2026-07-18T18:37:39.882982+00:00" hostname="agent-env-8a24ffe9-6b09-4101-a141-371313a39b86"><testcase classname="backend.tests.test_iter8_map_payments.TestProvidersNearby" name="test_nearby_returns_role_and_trust_fields" time="0.259" /><testcase classname="backend.tests.test_iter8_map_payments.TestProvidersNearby" name="test_nearby_requires_auth" time="0.121" /><testcase classname="backend.tests.test_iter8_map_payments.TestBusinessesCategory" name="test_lavanderia_has_trust_and_approval" time="0.131" /><testcase classname="backend.tests.test_iter8_map_payments.TestCryptoWallet" name="test_valid_token_sets_address[BTC]" time="0.107" /><testcase classname="backend.tests.test_iter8_map_payments.TestCryptoWallet" name="test_valid_token_sets_address[USDT_TRC20]" time="0.150" /><testcase classname="backend.tests.test_iter8_map_payments.TestCryptoWallet" name="test_valid_token_sets_address[USDC_ERC20]" time="0.137" /><testcase classname="backend.tests.test_iter8_map_payments.TestCryptoWallet" name="test_valid_token_sets_address[USDT_ERC20]" time="0.170" /><testcase classname="backend.tests.test_iter8_map_payments.TestCryptoWallet" name="test_valid_token_sets_address[XRP]" time="0.115" /><testcase classname="backend.tests.test_iter8_map_payments.TestCryptoWallet" name="test_invalid_token_returns_400" time="0.134" /><testcase classname="backend.tests.test_iter8_map_payments.TestCryptoWallet" name="test_wallet_returns_crypto_wallets_array" time="0.089" /><testcase classname="backend.tests.test_iter8_map_payments.TestCryptoWallet" name="test_empty_address_removes_entry" time="0.238" /><testcase classname="backend.tests.test_iter8_map_payments.TestProfileRoleApproval" name="test_client_switch_to_provider_sets_pending" time="0.387" /></testsuite></testsuites>