<?xml version="1.0" encoding="utf-8"?><testsuites name="pytest tests"><testsuite name="pytest" errors="0" failures="0" skipped="1" tests="11" time="6.463" timestamp="2026-07-18T17:31:22.901933+00:00" hostname="agent-env-8a24ffe9-6b09-4101-a141-371313a39b86"><testcase classname="backend.tests.test_iter6_map_radius_mode.TestProvidersNearby" name="test_nearby_excludes_bots_and_has_new_fields" time="0.291" /><testcase classname="backend.tests.test_iter6_map_radius_mode.TestProvidersNearby" name="test_nearby_bots_absent" time="0.128" /><testcase classname="backend.tests.test_iter6_map_radius_mode.TestProvidersNearby" name="test_nearby_sorted_by_distance" time="0.106" /><testcase classname="backend.tests.test_iter6_map_radius_mode.TestProvidersNearby" name="test_nearby_requires_auth" time="0.095" /><testcase classname="backend.tests.test_iter6_map_radius_mode.TestProfileRadiusMode" name="test_persist_radius_km" time="0.442" /><testcase classname="backend.tests.test_iter6_map_radius_mode.TestProfileRadiusMode" name="test_persist_service_mode[outdoor]" time="0.474" /><testcase classname="backend.tests.test_iter6_map_radius_mode.TestProfileRadiusMode" name="test_persist_service_mode[in_shop]" time="0.446" /><testcase classname="backend.tests.test_iter6_map_radius_mode.TestProfileRadiusMode" name="test_persist_service_mode[both]" time="0.493" /><testcase classname="backend.tests.test_iter6_map_radius_mode.TestProfileRadiusMode" name="test_radius_and_mode_together" time="0.331" /><testcase classname="backend.tests.test_iter6_map_radius_mode.TestMissionMatchingStillWorks" name="test_create_and_match_pulizie" time="3.475" /><testcase classname="backend.tests.test_iter6_map_radius_mode.TestMatchingExcludesInShop" name="test_in_shop_business_not_invited" time="0.121"><skipped type="pytest.skip" message="No in_shop business currently registered — logic path not exercisable in preview data">/app/backend/tests/test_iter6_map_radius_mode.py:158: No in_shop business currently registered — logic path not exercisable in preview data</skipped></testcase></testsuite></testsuites>