<?xml version="1.0" encoding="utf-8"?><testsuites name="pytest tests"><testsuite name="pytest" errors="0" failures="0" skipped="0" tests="25" time="5.422" timestamp="2026-07-19T17:10:02.886795+00:00" hostname="agent-env-8a24ffe9-6b09-4101-a141-371313a39b86"><testcase classname="backend.tests.test_babysitting_iter24.TestChildCards" name="test_consent_required" time="0.266" /><testcase classname="backend.tests.test_babysitting_iter24.TestChildCards" name="test_name_required" time="0.112" /><testcase classname="backend.tests.test_babysitting_iter24.TestChildCards" name="test_create_list_update_delete" time="0.615" /><testcase classname="backend.tests.test_babysitting_iter24.TestConfigEstimate" name="test_config" time="0.100" /><testcase classname="backend.tests.test_babysitting_iter24.TestConfigEstimate" name="test_estimate" time="0.102" /><testcase classname="backend.tests.test_babysitting_iter24.TestLifecycle" name="test_child_too_young" time="0.239" /><testcase classname="backend.tests.test_babysitting_iter24.TestLifecycle" name="test_01_create_publish" time="0.274" /><testcase classname="backend.tests.test_babysitting_iter24.TestLifecycle" name="test_02_provider_incoming_before_invite" time="0.092" /><testcase classname="backend.tests.test_babysitting_iter24.TestLifecycle" name="test_03_admin_invite" time="0.096" /><testcase classname="backend.tests.test_babysitting_iter24.TestLifecycle" name="test_04_provider_sees_generic_only" time="0.095" /><testcase classname="backend.tests.test_babysitting_iter24.TestLifecycle" name="test_05_provider_propose" time="0.099" /><testcase classname="backend.tests.test_babysitting_iter24.TestLifecycle" name="test_06_client_confirm" time="0.111" /><testcase classname="backend.tests.test_babysitting_iter24.TestLifecycle" name="test_07_confirmed_provider_sees_full" time="0.094" /><testcase classname="backend.tests.test_babysitting_iter24.TestLifecycle" name="test_08_incontro_video_jitsi" time="0.122" /><testcase classname="backend.tests.test_babysitting_iter24.TestLifecycle" name="test_09_emergency_returns_112_118" time="0.098" /><testcase classname="backend.tests.test_babysitting_iter24.TestLifecycle" name="test_10_provider_inizio" time="0.100" /><testcase classname="backend.tests.test_babysitting_iter24.TestLifecycle" name="test_11_client_inizio_confirm" time="0.101" /><testcase classname="backend.tests.test_babysitting_iter24.TestLifecycle" name="test_12_provider_fine_and_wrong_code" time="0.291" /><testcase classname="backend.tests.test_babysitting_iter24.TestLifecycle" name="test_13_client_review" time="0.101" /><testcase classname="backend.tests.test_babysitting_iter24.TestGaranzia" name="test_cancel_refund" time="1.002" /><testcase classname="backend.tests.test_babysitting_iter24.TestProviderConfig" name="test_profile_get_put" time="0.190" /><testcase classname="backend.tests.test_babysitting_iter24.TestProviderConfig" name="test_listino_get_put" time="0.196" /><testcase classname="backend.tests.test_babysitting_iter24.TestProviderConfig" name="test_casellario_upload" time="0.096" /><testcase classname="backend.tests.test_babysitting_iter24.TestProviderConfig" name="test_admin_casellario_verify" time="0.102" /><testcase classname="backend.tests.test_babysitting_iter24.TestAdmin" name="test_admin_list_urgent_first_with_compatible" time="0.622" /></testsuite></testsuites>