<?xml version="1.0" encoding="utf-8"?><testsuites name="pytest tests"><testsuite name="pytest" errors="0" failures="0" skipped="0" tests="13" time="3.815" timestamp="2026-07-19T10:31:12.061458+00:00" hostname="agent-env-8a24ffe9-6b09-4101-a141-371313a39b86"><testcase classname="tests.test_iter19_escrow_wallet.TestWalletShape" name="test_wallet_returns_three_balances" time="0.279" /><testcase classname="tests.test_iter19_escrow_wallet.TestEscrowFlow" name="test_escrow_happy_path_complete_release" time="0.732" /><testcase classname="tests.test_iter19_escrow_wallet.TestEscrowFlow" name="test_insufficient_funds" time="0.285" /><testcase classname="tests.test_iter19_escrow_wallet.TestEscrowFlow" name="test_pay_escrow_forbidden_other_user" time="0.224" /><testcase classname="tests.test_iter19_escrow_wallet.TestEscrowFlow" name="test_escrow_refund_on_cancel" time="0.662" /><testcase classname="tests.test_iter19_escrow_wallet.TestEscrowFlow" name="test_cancel_completed_booking_rejected" time="0.188" /><testcase classname="tests.test_iter19_escrow_wallet.TestWithdraw" name="test_withdraw_yobpay_success" time="0.382" /><testcase classname="tests.test_iter19_escrow_wallet.TestWithdraw" name="test_withdraw_insufficient_available" time="0.180" /><testcase classname="tests.test_iter19_escrow_wallet.TestWithdraw" name="test_withdraw_bank_no_bank_account" time="0.282" /><testcase classname="tests.test_iter19_escrow_wallet.TestWithdraw" name="test_withdraw_invalid_method" time="0.094" /><testcase classname="tests.test_iter19_escrow_wallet.TestAdminHoldDays" name="test_set_and_get_hold_days" time="0.194" /><testcase classname="tests.test_iter19_escrow_wallet.TestAdminHoldDays" name="test_invalid_days" time="0.093" /><testcase classname="tests.test_iter19_escrow_wallet.TestAdminHoldDays" name="test_reset_hold_days_to_2" time="0.092" /></testsuite></testsuites>