<?xml version="1.0" encoding="utf-8"?><testsuites name="pytest tests"><testsuite name="pytest" errors="0" failures="0" skipped="0" tests="6" time="4.959" timestamp="2026-07-19T21:08:23.849549+00:00" hostname="agent-env-8a24ffe9-6b09-4101-a141-371313a39b86"><testcase classname="backend.tests.test_payments_split_iter31.TestWalletHappyPath" name="test_wallet_checkout_held_and_release" time="1.711" /><testcase classname="backend.tests.test_payments_split_iter31.TestInsufficientWallet" name="test_insufficient_wallet" time="0.751" /><testcase classname="backend.tests.test_payments_split_iter31.TestPspGuards" name="test_stripe_guard_provider_not_onboarded" time="0.546" /><testcase classname="backend.tests.test_payments_split_iter31.TestPspGuards" name="test_paypal_guard_provider_not_onboarded" time="0.530" /><testcase classname="backend.tests.test_payments_split_iter31.TestRefund" name="test_admin_refund_simulated_held" time="1.108" /><testcase classname="backend.tests.test_payments_split_iter31.TestLfBlocked" name="test_lf_binario_not_allowed_for_psp" time="0.247" /></testsuite></testsuites>