<?xml version="1.0" encoding="utf-8"?><testsuites name="pytest tests"><testsuite name="pytest" errors="0" failures="0" skipped="0" tests="15" time="6.665" timestamp="2026-07-19T11:04:00.422938+00:00" hostname="agent-env-8a24ffe9-6b09-4101-a141-371313a39b86"><testcase classname="backend.tests.test_disputes_iter20.TestDisputeFlow" name="test_01_reason_codes" time="0.264" /><testcase classname="backend.tests.test_disputes_iter20.TestDisputeFlow" name="test_02_create_or_get_dispute" time="4.952" /><testcase classname="backend.tests.test_disputes_iter20.TestDisputeFlow" name="test_03_list_disputes" time="0.114" /><testcase classname="backend.tests.test_disputes_iter20.TestDisputeFlow" name="test_04_get_dispute_detail" time="0.097" /><testcase classname="backend.tests.test_disputes_iter20.TestDisputeFlow" name="test_05_add_message" time="0.089" /><testcase classname="backend.tests.test_disputes_iter20.TestDisputeFlow" name="test_06_provider_respond_contract" time="0.093" /><testcase classname="backend.tests.test_disputes_iter20.TestDisputeFlow" name="test_07_admin_list_disputes" time="0.124" /><testcase classname="backend.tests.test_disputes_iter20.TestDisputeFlow" name="test_08_admin_ui_disputes_tab" time="0.099" /><testcase classname="backend.tests.test_disputes_iter20.TestDisputeFlow" name="test_09_admin_resolve_refund_partial" time="0.098" /><testcase classname="backend.tests.test_disputes_iter20.TestClientPayouts" name="test_wallet_returns_paypal_and_bank_fields" time="0.101" /><testcase classname="backend.tests.test_disputes_iter20.TestClientPayouts" name="test_set_bank_account_persists" time="0.186" /><testcase classname="backend.tests.test_disputes_iter20.TestClientPayouts" name="test_set_paypal_email_persists" time="0.099" /><testcase classname="backend.tests.test_disputes_iter20.TestDemoReadonly" name="test_demo_login" time="0.099" /><testcase classname="backend.tests.test_disputes_iter20.TestDemoReadonly" name="test_demo_post_blocked" time="0.087" /><testcase classname="backend.tests.test_disputes_iter20.TestDemoReadonly" name="test_demo_get_works" time="0.093" /></testsuite></testsuites>