<?xml version="1.0" encoding="utf-8"?><testsuites name="pytest tests"><testsuite name="pytest" errors="0" failures="0" skipped="0" tests="15" time="6.382" timestamp="2026-07-18T16:32:44.145781+00:00" hostname="agent-env-8a24ffe9-6b09-4101-a141-371313a39b86"><testcase classname="backend.tests.test_auth_session_fix.TestAuthSessionEndpoint" name="test_invalid_session_id_returns_401" time="0.221" /><testcase classname="backend.tests.test_auth_session_fix.TestAuthSessionEndpoint" name="test_missing_body_422" time="0.126" /><testcase classname="backend.tests.test_auth_session_fix.TestAuthSessionEndpoint" name="test_categories_401_without_bearer" time="0.099" /><testcase classname="backend.tests.test_auth_session_fix.TestLoggedInScreens" name="test_auth_me_returns_user_object" time="0.612" /><testcase classname="backend.tests.test_auth_session_fix.TestLoggedInScreens" name="test_categories_non_empty_grouped" time="0.133" /><testcase classname="backend.tests.test_auth_session_fix.TestLoggedInScreens" name="test_wallet_ok" time="0.103" /><testcase classname="backend.tests.test_auth_session_fix.TestLoggedInScreens" name="test_trust_ok" time="0.109" /><testcase classname="backend.tests.test_auth_session_fix.TestLoggedInScreens" name="test_bookings_list_ok" time="0.100" /><testcase classname="backend.tests.test_auth_session_fix.TestLoggedInScreens" name="test_requests_list_ok" time="0.108" /><testcase classname="backend.tests.test_auth_session_fix.TestLoggedInScreens" name="test_chat_conversations_ok" time="0.109" /><testcase classname="backend.tests.test_auth_session_fix.TestMissionLifecycle" name="test_create_match_select_start_complete_review" time="3.985" /><testcase classname="backend.tests.test_auth_session_fix.TestAdminGating" name="test_admin_categories_no_token" time="0.104" /><testcase classname="backend.tests.test_auth_session_fix.TestAdminGating" name="test_admin_categories_wrong_token" time="0.099" /><testcase classname="backend.tests.test_auth_session_fix.TestAdminGating" name="test_admin_categories_correct_token" time="0.101" /><testcase classname="backend.tests.test_auth_session_fix.TestAdminGating" name="test_admin_trust_recalc_gated" time="0.238" /></testsuite></testsuites>