<?xml version="1.0" encoding="utf-8"?><testsuites name="pytest tests"><testsuite name="pytest" errors="0" failures="0" skipped="0" tests="10" time="2.815" timestamp="2026-07-18T19:18:24.147791+00:00" hostname="agent-env-8a24ffe9-6b09-4101-a141-371313a39b86"><testcase classname="backend.tests.test_phase3_admin_stripe.TestAdminStats" name="test_stats_contains_phase3_fields" time="0.285" /><testcase classname="backend.tests.test_phase3_admin_stripe.TestAdminUsers" name="test_users_list_contains_required_fields" time="0.166" /><testcase classname="backend.tests.test_phase3_admin_stripe.TestAdminUsers" name="test_users_includes_francesco" time="0.102" /><testcase classname="backend.tests.test_phase3_admin_stripe.TestAdminSetStatus" name="test_invalid_status_returns_400" time="0.095" /><testcase classname="backend.tests.test_phase3_admin_stripe.TestAdminSetStatus" name="test_unknown_user_returns_404" time="0.104" /><testcase classname="backend.tests.test_phase3_admin_stripe.TestAdminSetStatus" name="test_suspend_then_approve_francesco" time="0.458" /><testcase classname="backend.tests.test_phase3_admin_stripe.TestAdminSetStatus" name="test_missing_admin_token_forbidden" time="0.110" /><testcase classname="backend.tests.test_phase3_admin_stripe.TestStripeTopup" name="test_invalid_package_returns_400" time="0.104" /><testcase classname="backend.tests.test_phase3_admin_stripe.TestStripeTopup" name="test_create_checkout_p25" time="0.643" /><testcase classname="backend.tests.test_phase3_admin_stripe.TestStripeTopup" name="test_status_unpaid_does_not_credit" time="0.688" /></testsuite></testsuites>