<?xml version="1.0" encoding="utf-8"?><testsuites name="pytest tests"><testsuite name="pytest" errors="0" failures="0" skipped="0" tests="7" time="1.878" timestamp="2026-07-19T00:04:00.192269+00:00" hostname="agent-env-8a24ffe9-6b09-4101-a141-371313a39b86"><testcase classname="backend.tests.test_iter15_form_builder_cancel_photos.TestFormBuilder" name="test_put_questions_driver_ok_and_get_reflects" time="0.287" /><testcase classname="backend.tests.test_iter15_form_builder_cancel_photos.TestFormBuilder" name="test_put_questions_unknown_cat_returns_404" time="0.102" /><testcase classname="backend.tests.test_iter15_form_builder_cancel_photos.TestMissionCancel" name="test_cancel_success_then_cannot_cancel" time="0.410" /><testcase classname="backend.tests.test_iter15_form_builder_cancel_photos.TestMissionCancel" name="test_cancel_by_other_user_forbidden" time="0.360" /><testcase classname="backend.tests.test_iter15_form_builder_cancel_photos.TestBusinessRequestCancel" name="test_cancel_success_then_cannot_cancel" time="0.442" /><testcase classname="backend.tests.test_iter15_form_builder_cancel_photos.TestBusinessPhotos" name="test_business_detail_has_photos_and_price_list" time="0.098" /><testcase classname="backend.tests.test_iter15_form_builder_cancel_photos.TestBusinessPhotos" name="test_businesses_list_includes_photos" time="0.120" /></testsuite></testsuites>