<?xml version="1.0" encoding="utf-8"?><testsuites name="pytest tests"><testsuite name="pytest" errors="0" failures="0" skipped="0" tests="14" time="5.649" timestamp="2026-07-18T16:50:53.909138+00:00" hostname="agent-env-8a24ffe9-6b09-4101-a141-371313a39b86"><testcase classname="backend.tests.test_iter5_home_admin_flow.TestAuth" name="test_auth_me_with_demo_token" time="0.124" /><testcase classname="backend.tests.test_iter5_home_admin_flow.TestAuth" name="test_auth_me_without_token_401" time="0.099" /><testcase classname="backend.tests.test_iter5_home_admin_flow.TestCategories" name="test_categories_shape_and_counts" time="0.114" /><testcase classname="backend.tests.test_iter5_home_admin_flow.TestCategories" name="test_providers_online_nonneg_and_manifesto_present" time="0.115" /><testcase classname="backend.tests.test_iter5_home_admin_flow.TestAdminToggle" name="test_admin_endpoints_require_token" time="0.236" /><testcase classname="backend.tests.test_iter5_home_admin_flow.TestAdminToggle" name="test_admin_list_returns_all_29" time="0.101" /><testcase classname="backend.tests.test_iter5_home_admin_flow.TestAdminToggle" name="test_toggle_reflects_on_public_categories" time="0.504" /><testcase classname="backend.tests.test_iter5_home_admin_flow.TestAdminToggle" name="test_toggle_unknown_returns_404" time="0.117" /><testcase classname="backend.tests.test_iter5_home_admin_flow.TestWallet" name="test_get_wallet" time="0.095" /><testcase classname="backend.tests.test_iter5_home_admin_flow.TestWallet" name="test_wallet_add_returns_new_balance" time="0.344" /><testcase classname="backend.tests.test_iter5_home_admin_flow.TestWallet" name="test_wallet_add_invalid_amount" time="0.090" /><testcase classname="backend.tests.test_iter5_home_admin_flow.TestMission" name="test_create_mission_and_matching" time="3.429" /><testcase classname="backend.tests.test_iter5_home_admin_flow.TestRequestsAndChat" name="test_requests_endpoint_shape" time="0.092" /><testcase classname="backend.tests.test_iter5_home_admin_flow.TestRequestsAndChat" name="test_chat_conversations_load" time="0.115" /></testsuite></testsuites>