<?xml version="1.0" encoding="utf-8"?><testsuites name="pytest tests"><testsuite name="pytest" errors="0" failures="0" skipped="0" tests="10" time="8.307" timestamp="2026-07-18T14:01:31.067858+00:00" hostname="agent-env-8a24ffe9-6b09-4101-a141-371313a39b86"><testcase classname="backend.tests.test_jobby_backend.TestBasics" name="test_providers_nearby_seeded" time="0.274" /><testcase classname="backend.tests.test_jobby_backend.TestBasics" name="test_providers_nearby_ironing" time="0.125" /><testcase classname="backend.tests.test_jobby_backend.TestAuth" name="test_me_without_token_401" time="0.098" /><testcase classname="backend.tests.test_jobby_backend.TestAuth" name="test_missions_list_without_token_401" time="0.124" /><testcase classname="backend.tests.test_jobby_backend.TestAuth" name="test_bookings_list_without_token_401" time="0.131" /><testcase classname="backend.tests.test_jobby_backend.TestAuth" name="test_invalid_bearer_token_401" time="0.103" /><testcase classname="backend.tests.test_jobby_backend.TestAuth" name="test_session_with_invalid_token_401" time="0.222" /><testcase classname="backend.tests.test_jobby_backend.TestAuth" name="test_me_with_seeded_token" time="0.137" /><testcase classname="backend.tests.test_jobby_backend.TestMatching" name="test_create_mission_and_bots_auto_accept" time="5.856" /><testcase classname="backend.tests.test_jobby_backend.TestProviderFlow" name="test_incoming_accept_decline_and_review" time="1.102" /></testsuite></testsuites>