<?xml version="1.0" encoding="utf-8"?><testsuites name="pytest tests"><testsuite name="pytest" errors="0" failures="0" skipped="0" tests="21" time="11.962" timestamp="2026-07-18T14:47:23.750153+00:00" hostname="agent-env-8a24ffe9-6b09-4101-a141-371313a39b86"><testcase classname="backend.tests.test_jobby_new_endpoints.TestCategories" name="test_list_categories_shape" time="0.225" /><testcase classname="backend.tests.test_jobby_new_endpoints.TestCategories" name="test_get_category_with_questions" time="0.129" /><testcase classname="backend.tests.test_jobby_new_endpoints.TestCategories" name="test_get_subcategory_ricarica" time="0.106" /><testcase classname="backend.tests.test_jobby_new_endpoints.TestCategories" name="test_get_subcategory_lavanderia" time="0.184" /><testcase classname="backend.tests.test_jobby_new_endpoints.TestCategories" name="test_get_category_not_found" time="0.094" /><testcase classname="backend.tests.test_jobby_new_endpoints.TestWallet" name="test_wallet_default_balance" time="0.103" /><testcase classname="backend.tests.test_jobby_new_endpoints.TestWallet" name="test_wallet_topup_creates_transaction" time="0.353" /><testcase classname="backend.tests.test_jobby_new_endpoints.TestPayments" name="test_payment_deducts_balance_and_creates_request" time="0.363" /><testcase classname="backend.tests.test_jobby_new_endpoints.TestPayments" name="test_payment_insufficient_funds_400" time="0.292" /><testcase classname="backend.tests.test_jobby_new_endpoints.TestRequests" name="test_requests_returns_payments_and_missions" time="0.330" /><testcase classname="backend.tests.test_jobby_new_endpoints.TestChat" name="test_conversations_auto_created_from_booking" time="3.849" /><testcase classname="backend.tests.test_jobby_new_endpoints.TestChat" name="test_chat_unknown_conversation_404" time="0.204" /><testcase classname="backend.tests.test_jobby_new_endpoints.TestModelloDAnyCategory" name="test_bots_accept_any_category[babysitting]" time="2.426" /><testcase classname="backend.tests.test_jobby_new_endpoints.TestModelloDAnyCategory" name="test_bots_accept_any_category[tecnico]" time="2.421" /><testcase classname="backend.tests.test_jobby_new_endpoints.TestAuthGuardsNewEndpoints" name="test_endpoint_requires_bearer[GET-/wallet-None]" time="0.093" /><testcase classname="backend.tests.test_jobby_new_endpoints.TestAuthGuardsNewEndpoints" name="test_endpoint_requires_bearer[POST-/wallet/add-body1]" time="0.109" /><testcase classname="backend.tests.test_jobby_new_endpoints.TestAuthGuardsNewEndpoints" name="test_endpoint_requires_bearer[POST-/payments-body2]" time="0.100" /><testcase classname="backend.tests.test_jobby_new_endpoints.TestAuthGuardsNewEndpoints" name="test_endpoint_requires_bearer[GET-/requests-None]" time="0.095" /><testcase classname="backend.tests.test_jobby_new_endpoints.TestAuthGuardsNewEndpoints" name="test_endpoint_requires_bearer[GET-/chat/conversations-None]" time="0.097" /><testcase classname="backend.tests.test_jobby_new_endpoints.TestAuthGuardsNewEndpoints" name="test_endpoint_requires_bearer[GET-/chat/conv_x-None]" time="0.124" /><testcase classname="backend.tests.test_jobby_new_endpoints.TestAuthGuardsNewEndpoints" name="test_endpoint_requires_bearer[POST-/chat/conv_x-body6]" time="0.102" /></testsuite></testsuites>