<?xml version="1.0" encoding="utf-8"?><testsuites name="pytest tests"><testsuite name="pytest" errors="0" failures="0" skipped="0" tests="17" time="3.775" timestamp="2026-07-18T23:46:26.261995+00:00" hostname="agent-env-8a24ffe9-6b09-4101-a141-371313a39b86"><testcase classname="tests.test_phase_b1_auth_onboarding.TestRegister" name="test_register_success" time="0.353" /><testcase classname="tests.test_phase_b1_auth_onboarding.TestRegister" name="test_register_duplicate_email" time="0.310" /><testcase classname="tests.test_phase_b1_auth_onboarding.TestRegister" name="test_register_weak_password" time="0.041" /><testcase classname="tests.test_phase_b1_auth_onboarding.TestRegister" name="test_register_invalid_email" time="0.041" /><testcase classname="tests.test_phase_b1_auth_onboarding.TestLogin" name="test_login_existing_mario" time="0.266" /><testcase classname="tests.test_phase_b1_auth_onboarding.TestLogin" name="test_login_wrong_password" time="0.268" /><testcase classname="tests.test_phase_b1_auth_onboarding.TestLogin" name="test_login_unknown_email" time="0.043" /><testcase classname="tests.test_phase_b1_auth_onboarding.TestDemo" name="test_demo_login" time="0.043" /><testcase classname="tests.test_phase_b1_auth_onboarding.TestDemo" name="test_demo_readonly_guard" time="0.212" /><testcase classname="tests.test_phase_b1_auth_onboarding.TestDemo" name="test_non_demo_can_post" time="0.044" /><testcase classname="tests.test_phase_b1_auth_onboarding.TestApple" name="test_apple_invalid_token" time="0.043" /><testcase classname="tests.test_phase_b1_auth_onboarding.TestOnboarding" name="test_complete_client" time="0.311" /><testcase classname="tests.test_phase_b1_auth_onboarding.TestOnboarding" name="test_complete_business_pending" time="0.315" /><testcase classname="tests.test_phase_b1_auth_onboarding.TestOnboarding" name="test_complete_provider_pending" time="0.310" /><testcase classname="tests.test_phase_b1_auth_onboarding.TestBusinessUploads" name="test_document_and_photos" time="0.574" /><testcase classname="tests.test_phase_b1_auth_onboarding.TestBusinessUploads" name="test_admin_documents" time="0.480" /><testcase classname="tests.test_phase_b1_auth_onboarding.TestBusinessUploads" name="test_admin_documents_no_token" time="0.042" /></testsuite></testsuites>