<?xml version="1.0" encoding="utf-8"?><testsuites name="pytest tests"><testsuite name="pytest" errors="0" failures="0" skipped="0" tests="12" time="5.570" timestamp="2026-07-18T23:25:54.493458+00:00" hostname="agent-env-8a24ffe9-6b09-4101-a141-371313a39b86"><testcase classname="backend.tests.test_phase_a_categories_requests.TestAdminCategoryCommission" name="test_set_commission_valid" time="0.330" /><testcase classname="backend.tests.test_phase_a_categories_requests.TestAdminCategoryCommission" name="test_set_commission_invalid_high" time="0.242" /><testcase classname="backend.tests.test_phase_a_categories_requests.TestAdminCategoryCommission" name="test_set_commission_invalid_negative" time="0.154" /><testcase classname="backend.tests.test_phase_a_categories_requests.TestAdminCategoryCommission" name="test_set_commission_unknown_cat" time="0.137" /><testcase classname="backend.tests.test_phase_a_categories_requests.TestAdminCategoryCommission" name="test_no_admin_token_forbidden" time="0.119" /><testcase classname="backend.tests.test_phase_a_categories_requests.TestAdminCategoryCommission" name="test_reset_pulizie_to_10" time="0.238" /><testcase classname="backend.tests.test_phase_a_categories_requests.TestMissionBudgetAndBooking" name="test_create_mission_with_budget" time="0.168" /><testcase classname="backend.tests.test_phase_a_categories_requests.TestMissionBudgetAndBooking" name="test_mission_persisted_via_get" time="0.095" /><testcase classname="backend.tests.test_phase_a_categories_requests.TestMissionBudgetAndBooking" name="test_booking_commission_pct_and_fee" time="3.437" /><testcase classname="backend.tests.test_phase_a_categories_requests.TestBusinessDetail" name="test_business_detail_ok" time="0.126" /><testcase classname="backend.tests.test_phase_a_categories_requests.TestBusinessDetail" name="test_business_detail_404" time="0.117" /><testcase classname="backend.tests.test_phase_a_categories_requests.TestBusinessRequestBudget" name="test_create_business_request_with_budget" time="0.343" /></testsuite></testsuites>