<?xml version="1.0" encoding="utf-8"?><testsuites name="pytest tests"><testsuite name="pytest" errors="0" failures="0" skipped="0" tests="25" time="19.771" timestamp="2026-07-18T16:07:00.510001+00:00" hostname="agent-env-8a24ffe9-6b09-4101-a141-371313a39b86"><testcase classname="backend.tests.test_jobby_sprint3.TestCategories" name="test_grouped_9_16_4" time="0.293" /><testcase classname="backend.tests.test_jobby_sprint3.TestCategories" name="test_get_single_category_with_questions" time="0.360" /><testcase classname="backend.tests.test_jobby_sprint3.TestCategories" name="test_unknown_category_404" time="0.169" /><testcase classname="backend.tests.test_jobby_sprint3.TestCategories" name="test_401_without_auth" time="0.168" /><testcase classname="backend.tests.test_jobby_sprint3.TestAdminCategories" name="test_admin_requires_token" time="0.443" /><testcase classname="backend.tests.test_jobby_sprint3.TestAdminCategories" name="test_toggle_deactivates_and_reactivates" time="0.410" /><testcase classname="backend.tests.test_jobby_sprint3.TestAdminCategories" name="test_admin_recalc" time="0.227" /><testcase classname="backend.tests.test_jobby_sprint3.TestRoles" name="test_switch_roles" time="0.351" /><testcase classname="backend.tests.test_jobby_sprint3.TestVerification" name="test_start_then_complete" time="0.537" /><testcase classname="backend.tests.test_jobby_sprint3.TestWallet" name="test_wallet_shape" time="0.100" /><testcase classname="backend.tests.test_jobby_sprint3.TestWallet" name="test_set_payment_method" time="0.277" /><testcase classname="backend.tests.test_jobby_sprint3.TestWallet" name="test_set_bank_account_iban_masked" time="0.109" /><testcase classname="backend.tests.test_jobby_sprint3.TestWallet" name="test_add_reject_zero_and_negative" time="0.220" /><testcase classname="backend.tests.test_jobby_sprint3.TestWallet" name="test_payments_reject_zero" time="0.128" /><testcase classname="backend.tests.test_jobby_sprint3.TestRequestFlow" name="test_full_status_flow" time="2.967" /><testcase classname="backend.tests.test_jobby_sprint3.TestTrust" name="test_review_updates_provider_trust" time="3.990" /><testcase classname="backend.tests.test_jobby_sprint3.TestTrust" name="test_rate_client_logs_event_and_score" time="4.022" /><testcase classname="backend.tests.test_jobby_sprint3.TestTrust" name="test_dispute_recomputes_both" time="4.132" /><testcase classname="backend.tests.test_jobby_sprint3.TestAuthGuards" name="test_401_without_bearer[/categories-GET]" time="0.099" /><testcase classname="backend.tests.test_jobby_sprint3.TestAuthGuards" name="test_401_without_bearer[/categories/pulizie-GET]" time="0.098" /><testcase classname="backend.tests.test_jobby_sprint3.TestAuthGuards" name="test_401_without_bearer[/wallet-GET]" time="0.096" /><testcase classname="backend.tests.test_jobby_sprint3.TestAuthGuards" name="test_401_without_bearer[/trust-GET]" time="0.095" /><testcase classname="backend.tests.test_jobby_sprint3.TestAuthGuards" name="test_401_without_bearer[/missions-GET]" time="0.092" /><testcase classname="backend.tests.test_jobby_sprint3.TestAuthGuards" name="test_401_without_bearer[/verification/start-POST]" time="0.098" /><testcase classname="backend.tests.test_jobby_sprint3.TestAuthGuards" name="test_401_without_bearer[/verification/complete-POST]" time="0.093" /></testsuite></testsuites>